2024-03-26 15:28:33.052 [info] Started initializing default profile extensions in extensions installation folder. file:///home/q/.vscode-oss/extensions
2024-03-26 15:28:33.496 [warning] Failed to create default profile extensions manifest in extensions installation folder. file:///home/q/.vscode-oss/extensions Unable to create file 'vscode-userdata:/home/q/.vscode-oss/extensions/extensions.json' that already exists when overwrite flag is not set
2024-03-26 15:28:33.496 [info] Completed initializing default profile extensions in extensions installation folder. file:///home/q/.vscode-oss/extensions
2024-03-26 15:28:33.567 [error] [uncaught exception in sharedProcess]: Error: ENOENT: no such file or directory, stat '/home/q/.vscode-oss/extensions/extensions.json.vsctmp': EntryNotFound (FileSystemError): Error: ENOENT: no such file or directory, stat '/home/q/.vscode-oss/extensions/extensions.json.vsctmp'
    at r.create (/opt/vscodium-bin/resources/app/out/vs/code/node/sharedProcess/sharedProcessMain.js:51:35658)
    at a (/opt/vscodium-bin/resources/app/out/vs/code/node/sharedProcess/sharedProcessMain.js:51:35793)
    at i.toFileSystemProviderError (/opt/vscodium-bin/resources/app/out/vs/code/node/sharedProcess/sharedProcessMain.js:56:48621)
    at i.stat (/opt/vscodium-bin/resources/app/out/vs/code/node/sharedProcess/sharedProcessMain.js:56:39216)
    at async w.stat (/opt/vscodium-bin/resources/app/out/vs/code/node/sharedProcess/sharedProcessMain.js:56:21720)
    at async Y.onDidFilesChange (/opt/vscodium-bin/resources/app/out/vs/code/node/sharedProcess/sharedProcessMain.js:102:133810)
2024-03-26 15:28:53.125 [info] Getting Manifest... catppuccin.catppuccin-vsc
2024-03-26 15:28:53.276 [info] Installing extension: catppuccin.catppuccin-vsc
2024-03-26 15:28:54.181 [error] Could not load vsce-sign module Cannot find module '@vscode/vsce-sign'
Require stack:
- /opt/vscodium-bin/resources/app/out/bootstrap-amd.js
- /opt/vscodium-bin/resources/app/out/bootstrap-fork.js
- 
2024-03-26 15:28:54.208 [info] Extension signature verification is not done: catppuccin.catppuccin-vsc
2024-03-26 15:28:54.329 [info] Extracted extension to file:///home/q/.vscode-oss/extensions/catppuccin.catppuccin-vsc-3.13.0-universal: catppuccin.catppuccin-vsc
2024-03-26 15:28:54.351 [info] Renamed to /home/q/.vscode-oss/extensions/catppuccin.catppuccin-vsc-3.13.0-universal
2024-03-26 15:28:54.351 [info] Extracting extension completed. catppuccin.catppuccin-vsc
2024-03-26 15:28:54.405 [info] Extension installed successfully: catppuccin.catppuccin-vsc
2024-03-26 15:28:54.422 [error] [uncaught exception in sharedProcess]: Error: ENOENT: no such file or directory, stat '/home/q/.vscode-oss/extensions/extensions.json.vsctmp': EntryNotFound (FileSystemError): Error: ENOENT: no such file or directory, stat '/home/q/.vscode-oss/extensions/extensions.json.vsctmp'
    at r.create (/opt/vscodium-bin/resources/app/out/vs/code/node/sharedProcess/sharedProcessMain.js:51:35658)
    at a (/opt/vscodium-bin/resources/app/out/vs/code/node/sharedProcess/sharedProcessMain.js:51:35793)
    at i.toFileSystemProviderError (/opt/vscodium-bin/resources/app/out/vs/code/node/sharedProcess/sharedProcessMain.js:56:48621)
    at i.stat (/opt/vscodium-bin/resources/app/out/vs/code/node/sharedProcess/sharedProcessMain.js:56:39216)
    at async w.stat (/opt/vscodium-bin/resources/app/out/vs/code/node/sharedProcess/sharedProcessMain.js:56:21720)
    at async Y.onDidFilesChange (/opt/vscodium-bin/resources/app/out/vs/code/node/sharedProcess/sharedProcessMain.js:102:133810)
2024-03-26 15:29:14.590 [info] Getting Manifest... enkia.tokyo-night
2024-03-26 15:29:14.754 [info] Installing extension: enkia.tokyo-night
2024-03-26 15:29:16.198 [error] Could not load vsce-sign module Cannot find module '@vscode/vsce-sign'
Require stack:
- /opt/vscodium-bin/resources/app/out/bootstrap-amd.js
- /opt/vscodium-bin/resources/app/out/bootstrap-fork.js
- 
2024-03-26 15:29:16.200 [info] Extension signature verification is not done: enkia.tokyo-night
2024-03-26 15:29:16.264 [info] Extracted extension to file:///home/q/.vscode-oss/extensions/enkia.tokyo-night-1.0.6-universal: enkia.tokyo-night
2024-03-26 15:29:16.280 [info] Renamed to /home/q/.vscode-oss/extensions/enkia.tokyo-night-1.0.6-universal
2024-03-26 15:29:16.285 [info] Extracting extension completed. enkia.tokyo-night
2024-03-26 15:29:16.313 [info] Extension installed successfully: enkia.tokyo-night
2024-03-26 15:29:16.386 [error] [uncaught exception in sharedProcess]: Error: ENOENT: no such file or directory, stat '/home/q/.vscode-oss/extensions/extensions.json.vsctmp': EntryNotFound (FileSystemError): Error: ENOENT: no such file or directory, stat '/home/q/.vscode-oss/extensions/extensions.json.vsctmp'
    at r.create (/opt/vscodium-bin/resources/app/out/vs/code/node/sharedProcess/sharedProcessMain.js:51:35658)
    at a (/opt/vscodium-bin/resources/app/out/vs/code/node/sharedProcess/sharedProcessMain.js:51:35793)
    at i.toFileSystemProviderError (/opt/vscodium-bin/resources/app/out/vs/code/node/sharedProcess/sharedProcessMain.js:56:48621)
    at i.stat (/opt/vscodium-bin/resources/app/out/vs/code/node/sharedProcess/sharedProcessMain.js:56:39216)
    at async w.stat (/opt/vscodium-bin/resources/app/out/vs/code/node/sharedProcess/sharedProcessMain.js:56:21720)
    at async Y.onDidFilesChange (/opt/vscodium-bin/resources/app/out/vs/code/node/sharedProcess/sharedProcessMain.js:102:133810)
