2024-03-26 16:22:45.943 [info] Log level: Info
2024-03-26 16:22:45.943 [info] Validating found git in: "git"
2024-03-26 16:22:45.943 [info] Using git "2.44.0" from "git"
2024-03-26 16:23:04.402 [info] Log level: Info
2024-03-26 16:23:04.402 [info] Validating found git in: "git"
2024-03-26 16:23:04.402 [info] Using git "2.44.0" from "git"
2024-03-26 16:23:04.406 [info] > git rev-parse --show-toplevel [8ms]
2024-03-26 16:23:04.407 [info] fatal: not a git repository (or any of the parent directories): .git
2024-03-26 16:23:04.424 [info] > git rev-parse --show-toplevel [2ms]
2024-03-26 16:23:04.424 [info] fatal: not a git repository (or any of the parent directories): .git
2024-03-26 16:23:04.435 [info] > git rev-parse --show-toplevel [2ms]
2024-03-26 16:23:04.435 [info] fatal: not a git repository (or any of the parent directories): .git
2024-03-26 16:23:04.447 [info] > git rev-parse --show-toplevel [1ms]
2024-03-26 16:23:04.447 [info] fatal: not a git repository (or any of the parent directories): .git
2024-03-26 16:23:04.458 [info] > git rev-parse --show-toplevel [2ms]
2024-03-26 16:23:04.458 [info] fatal: not a git repository (or any of the parent directories): .git
2024-03-26 16:23:04.470 [info] > git rev-parse --show-toplevel [2ms]
2024-03-26 16:23:04.470 [info] fatal: not a git repository (or any of the parent directories): .git
2024-03-26 16:23:04.481 [info] > git rev-parse --show-toplevel [1ms]
2024-03-26 16:23:04.481 [info] fatal: not a git repository (or any of the parent directories): .git
2024-03-26 16:23:04.495 [info] > git rev-parse --show-toplevel [2ms]
2024-03-26 16:23:04.496 [info] fatal: not a git repository (or any of the parent directories): .git
2024-03-26 16:23:04.508 [info] > git rev-parse --show-toplevel [1ms]
2024-03-26 16:23:04.508 [info] fatal: not a git repository (or any of the parent directories): .git
2024-03-26 16:23:04.519 [info] > git rev-parse --show-toplevel [2ms]
2024-03-26 16:23:04.519 [info] fatal: not a git repository (or any of the parent directories): .git
2024-03-26 16:23:04.529 [info] > git rev-parse --show-toplevel [1ms]
2024-03-26 16:23:04.529 [info] fatal: not a git repository (or any of the parent directories): .git
2024-03-26 16:23:04.540 [info] > git rev-parse --show-toplevel [1ms]
2024-03-26 16:23:04.540 [info] fatal: not a git repository (or any of the parent directories): .git
2024-03-26 16:23:04.550 [info] > git rev-parse --show-toplevel [1ms]
2024-03-26 16:23:04.550 [info] fatal: not a git repository (or any parent up to mount point /home/y)
Stopping at filesystem boundary (GIT_DISCOVERY_ACROSS_FILESYSTEM not set).
2024-03-26 16:23:04.561 [info] > git rev-parse --show-toplevel [2ms]
2024-03-26 16:23:04.561 [info] fatal: not a git repository (or any of the parent directories): .git
2024-03-26 16:23:04.571 [info] > git rev-parse --show-toplevel [2ms]
2024-03-26 16:23:04.571 [info] fatal: not a git repository (or any of the parent directories): .git
2024-03-26 16:23:04.581 [info] > git rev-parse --show-toplevel [1ms]
2024-03-26 16:23:04.581 [info] fatal: not a git repository (or any of the parent directories): .git
2024-03-26 16:23:04.592 [info] > git rev-parse --show-toplevel [1ms]
2024-03-26 16:23:04.592 [info] fatal: not a git repository (or any of the parent directories): .git
2024-03-26 16:23:04.602 [info] > git rev-parse --show-toplevel [1ms]
2024-03-26 16:23:04.602 [info] fatal: not a git repository (or any of the parent directories): .git
2024-03-26 16:23:04.612 [info] > git rev-parse --show-toplevel [1ms]
2024-03-26 16:23:04.612 [info] fatal: not a git repository (or any of the parent directories): .git
2024-03-26 16:23:04.623 [info] > git rev-parse --show-toplevel [2ms]
2024-03-26 16:23:04.623 [info] fatal: not a git repository (or any of the parent directories): .git
2024-03-26 16:23:04.632 [info] > git rev-parse --show-toplevel [1ms]
2024-03-26 16:23:04.632 [info] fatal: not a git repository (or any of the parent directories): .git
2024-03-26 16:23:04.642 [info] > git rev-parse --show-toplevel [1ms]
2024-03-26 16:23:04.642 [info] fatal: not a git repository (or any of the parent directories): .git
