2024-03-26 16:22:44.719 [info] Added views:workbench.panel.markers.view in workbench.panel.markers
2024-03-26 16:22:44.719 [info] Added views:workbench.panel.output in workbench.panel.output
2024-03-26 16:22:44.719 [info] Added views:terminal in terminal
2024-03-26 16:22:44.719 [info] Added views:outline in workbench.view.explorer
2024-03-26 16:22:44.719 [info] Added views:workbench.scm in workbench.view.scm
2024-03-26 16:22:44.719 [info] Added views:workbench.view.search in workbench.view.search
2024-03-26 16:22:44.719 [info] Added views:timeline in workbench.view.explorer
2024-03-26 16:22:44.719 [info] Added views:workbench.explorer.emptyView in workbench.view.explorer
2024-03-26 16:22:44.954 [info] Added views:workbench.debug.welcome in workbench.view.debug
2024-03-26 16:22:45.759 [info] Added views:workbench.panel.repl.view in workbench.panel.repl
2024-03-26 16:22:45.900 [info] Added views:~remote.forwardedPorts in ~remote.forwardedPortsContainer
2024-03-26 16:22:49.288 [info] Added views:workbench.views.extensions.installed,workbench.views.extensions.popular,extensions.recommendedList in workbench.view.extensions
2024-03-26 16:22:49.294 [info] Removed views:workbench.views.extensions.popular from workbench.view.extensions
2024-03-26 16:23:00.506 [info] Added views:workbench.panel.markers.view in workbench.panel.markers
2024-03-26 16:23:00.506 [info] Added views:workbench.panel.output in workbench.panel.output
2024-03-26 16:23:00.506 [info] Added views:terminal in terminal
2024-03-26 16:23:00.506 [info] Added views:outline in workbench.view.explorer
2024-03-26 16:23:00.506 [info] Added views:workbench.scm in workbench.view.scm
2024-03-26 16:23:00.506 [info] Added views:workbench.view.search in workbench.view.search
2024-03-26 16:23:00.506 [info] Added views:timeline in workbench.view.explorer
2024-03-26 16:23:00.506 [info] Added views:workbench.explorer.fileView in workbench.view.explorer
2024-03-26 16:23:00.856 [info] Added views:workbench.debug.variablesView,workbench.debug.watchExpressionsView,workbench.debug.callStackView,workbench.debug.breakPointsView in workbench.view.debug
2024-03-26 16:23:00.955 [info] Added views:~remote.forwardedPorts in ~remote.forwardedPortsContainer
2024-03-26 16:23:01.147 [info] Added views:workbench.panel.repl.view in workbench.panel.repl
2024-03-26 16:23:01.149 [info] Removed views:workbench.debug.breakPointsView,workbench.debug.callStackView,workbench.debug.watchExpressionsView,workbench.debug.variablesView from workbench.view.debug
2024-03-26 16:23:01.150 [info] Added views:workbench.debug.welcome in workbench.view.debug
